[DEBUG]--2026-01-13 17:09:43,641-Database.py->createDatabase line:50: 主数据库创建成功（已启用WAL模式）

[DEBUG]--2026-01-13 17:09:43,659-Database.py->createProjectDatabase line:185: 项目数据库创建成功

[DEBUG]--2026-01-13 17:09:43,660-connectionpool.py->_new_conn line:243: Starting new HTTP connection (1): testphp.vulnweb.com:80

[DEBUG]--2026-01-13 17:09:43,991-connectionpool.py->_make_request line:546: http://testphp.vulnweb.com:80 "GET / HTTP/11" 200 None

[INFO]--2026-01-13 17:09:44,056-ParseJs.py->_download_js_by_source line:406: [17:09:44]  [静态解析] 共发现 0 个JS文件

[INFO]--2026-01-13 17:09:44,057-Controller.py->parseStart line:54: [+] 缓存文件路径：/TIP/info_scan/tmp/1qcNRJ_testphp.vulnweb.com/1qcNRJ.db

[INFO]--2026-01-13 17:09:44,057-Controller.py->parseStart line:55: [+] 日志文件路径：/TIP/info_scan/Tools/webpackscan/Packer-InfoFinder/logs/1qcNRJ.log

[DEBUG]--2026-01-13 17:09:44,058-connectionpool.py->_new_conn line:243: Starting new HTTP connection (1): testphp.vulnweb.com:80

[DEBUG]--2026-01-13 17:09:44,391-connectionpool.py->_make_request line:546: http://testphp.vulnweb.com:80 "GET / HTTP/11" 200 None

[INFO]--2026-01-13 17:09:44,392-Controller.py->parseStart line:63: [!] 未检测到前端打包器特征，将仍然尝试异步JS分析（可能是现有规则不足或未使用常见打包器）

[INFO]--2026-01-13 17:09:44,393-Recoverspilt.py->recoverStart line:1649: --- 开始混合模式分析 (AST为主, Regex为辅) ---

[INFO]--2026-01-13 17:09:44,402-Recoverspilt.py->checkCodeSpilting line:1465: [[17:09:44] ] 正在分析: 97ICml.js

[DEBUG]--2026-01-13 17:09:44,405-Recoverspilt.py->checkCodeSpilting line:1469: AST未找到模式，尝试Regex: 97ICml.js

[INFO]--2026-01-13 17:09:44,407-Recoverspilt.py->recoverStart line:1667: [*] 未发现新的异步JS文件

[INFO]--2026-01-13 17:09:44,407-Controller.py->parseStart line:86: [+] 已启用JavaScript敏感信息扫描...

[INFO]--2026-01-13 17:09:44,420-JsFinderModule.py->start_scan line:592: 开始JavaScript敏感信息扫描...

[INFO]--2026-01-13 17:09:44,421-JsFinderModule.py->process_js_files line:282: 找到 1 个源文件（无SourceMap新增），开始扫描敏感信息...

[INFO]--2026-01-13 17:09:44,425-JsFinderModule.py->save_results line:573: HTML格式结果已保存到: tmp/1qcNRJ_testphp.vulnweb.com/finder_results/sensitive_info.html

[INFO]--2026-01-13 17:09:44,425-JsFinderModule.py->save_results line:574: 文本格式结果已保存到: tmp/1qcNRJ_testphp.vulnweb.com/finder_results/sensitive_info.txt

[INFO]--2026-01-13 17:09:44,425-JsFinderModule.py->save_results line:575: 路径信息已保存到: tmp/1qcNRJ_testphp.vulnweb.com/finder_results/paths.txt

[DEBUG]--2026-01-13 17:09:44,425-JsFinderModule.py->save_results line:588: 已跳过 API Inventory 导出（功能已取消）

[INFO]--2026-01-13 17:09:44,425-JsFinderModule.py->process_js_files line:304: 敏感信息扫描完成，共发现 0 个匹配项

[INFO]--2026-01-13 17:09:44,425-JsFinderModule.py->start_scan line:603: JavaScript敏感信息扫描完成，结果保存在: tmp/1qcNRJ_testphp.vulnweb.com/finder_results

[INFO]--2026-01-13 17:09:44,425-Controller.py->parseStart line:93: [v] JavaScript敏感信息扫描完成

[INFO]--2026-01-13 17:09:44,426-Controller.py->parseStart line:100: [v] 感谢您的使用！

