[DEBUG]--2026-01-16 15:59:33,094-Database.py->createDatabase line:50: 主数据库创建成功（已启用WAL模式）

[DEBUG]--2026-01-16 15:59:33,118-Database.py->createProjectDatabase line:185: 项目数据库创建成功

[DEBUG]--2026-01-16 15:59:33,119-connectionpool.py->_new_conn line:1051: Starting new HTTPS connection (1): 211.23.197.76:10001

[DEBUG]--2026-01-16 15:59:33,507-connectionpool.py->_make_request line:546: https://211.23.197.76:10001 "GET / HTTP/11" 200 560

[INFO]--2026-01-16 15:59:33,612-ParseJs.py->_download_js_by_source line:406: [15:59:33]  [静态解析] 共发现 6 个JS文件

[INFO]--2026-01-16 15:59:34,185-DownloadJs.py->download_single_js line:475: [15:59:34] [STATIC] 下载成功: common.60f19fb1c6d2f9310fcc.js

[INFO]--2026-01-16 15:59:34,390-DownloadJs.py->download_single_js line:475: [15:59:34] [STATIC] 下载成功: element.60f19fb1c6d2f9310fcc.js

[INFO]--2026-01-16 15:59:34,398-DownloadJs.py->download_single_js line:475: [15:59:34] [STATIC] 下载成功: vendors.60f19fb1c6d2f9310fcc.js

[INFO]--2026-01-16 15:59:34,444-DownloadJs.py->download_single_js line:475: [15:59:34] [STATIC] 下载成功: index.60f19fb1c6d2f9310fcc.js

[INFO]--2026-01-16 15:59:34,591-DownloadJs.py->download_single_js line:475: [15:59:34] [STATIC] 下载成功: vue.60f19fb1c6d2f9310fcc.js

[INFO]--2026-01-16 15:59:35,261-DownloadJs.py->download_single_js line:475: [15:59:35] [STATIC] 下载成功: core.60f19fb1c6d2f9310fcc.js

[INFO]--2026-01-16 15:59:35,280-Controller.py->parseStart line:54: [+] 缓存文件路径：/TIP/info_scan/Tools/webpackscan/Packer-InfoFinder/tmp/OEhrvg_211.23.197.76_10001/OEhrvg.db

[INFO]--2026-01-16 15:59:35,280-Controller.py->parseStart line:55: [+] 日志文件路径：/TIP/info_scan/Tools/webpackscan/Packer-InfoFinder/logs/OEhrvg.log

[INFO]--2026-01-16 15:59:35,654-Controller.py->parseStart line:59: [v] 恭喜，这个站点很可能是通过前端打包器构建的！

[INFO]--2026-01-16 15:59:35,663-Recoverspilt.py->recoverStart line:1649: --- 开始混合模式分析 (AST为主, Regex为辅) ---

[INFO]--2026-01-16 15:59:36,623-Recoverspilt.py->checkCodeSpilting line:1465: [[15:59:36] ] 正在分析: AQLBdg.index.60f19fb1c6d2f9310fcc.js

[DEBUG]--2026-01-16 15:59:37,239-Recoverspilt.py->checkCodeSpilting line:1469: AST未找到模式，尝试Regex: AQLBdg.index.60f19fb1c6d2f9310fcc.js

[INFO]--2026-01-16 15:59:37,262-Recoverspilt.py->_analyze_with_regex line:1597: Regex发现可能的异步加载函数(function): AQLBdg.index.60f19fb1c6d2f9310fcc.js

[INFO]--2026-01-16 15:59:37,267-Recoverspilt.py->compile_from_regex line:670:   → 提取到 25 个模块ID (Regex)

[DEBUG]--2026-01-16 15:59:37,274-Recoverspilt.py->compile_from_regex line:697: [Debug] Regex代码编译过程中出错: Failed starting VM server. 'deno' is unavailable.

[INFO]--2026-01-16 15:59:37,276-Recoverspilt.py->_log_filenames_success_once line:726:   ✓ 解析出 25 个异步JS (Template)

[INFO]--2026-01-16 15:59:37,283-Recoverspilt.py->getRealFilePath line:1384: 在 index.60f19fb1c6d2f9310fcc.js 中成功提取到 publicPath: './'，将优先基于该路径来合并资源 URL。

[INFO]--2026-01-16 15:59:46,532-Recoverspilt.py->checkCodeSpilting line:1465: [[15:59:46] ] 正在分析: Fiuxlc.element.60f19fb1c6d2f9310fcc.js

[DEBUG]--2026-01-16 15:59:52,566-Recoverspilt.py->checkCodeSpilting line:1469: AST未找到模式，尝试Regex: Fiuxlc.element.60f19fb1c6d2f9310fcc.js

[INFO]--2026-01-16 15:59:53,952-Recoverspilt.py->checkCodeSpilting line:1465: [[15:59:53] ] 正在分析: r0nYhj.common.60f19fb1c6d2f9310fcc.js

[DEBUG]--2026-01-16 15:59:55,791-Recoverspilt.py->checkCodeSpilting line:1469: AST未找到模式，尝试Regex: r0nYhj.common.60f19fb1c6d2f9310fcc.js

[INFO]--2026-01-16 15:59:57,092-Recoverspilt.py->checkCodeSpilting line:1465: [[15:59:57] ] 正在分析: f7MEuW.vue.60f19fb1c6d2f9310fcc.js

[DEBUG]--2026-01-16 15:59:59,135-Recoverspilt.py->checkCodeSpilting line:1469: AST未找到模式，尝试Regex: f7MEuW.vue.60f19fb1c6d2f9310fcc.js

[INFO]--2026-01-16 16:00:23,902-Recoverspilt.py->checkCodeSpilting line:1465: [[16:00:23] ] 正在分析: fUgPLG.core.60f19fb1c6d2f9310fcc.js

[INFO]--2026-01-16 16:00:32,110-Recoverspilt.py->_traverse_ast line:1507: AST发现可能的异步加载函数: fUgPLG.core.60f19fb1c6d2f9310fcc.js

[INFO]--2026-01-16 16:00:32,112-Recoverspilt.py->compile_from_ast line:615:   → 提取到 65 个模块ID (AST)

[ERROR]--2026-01-16 16:00:32,113-Recoverspilt.py->compile_from_ast line:634: [Err] AST代码编译过程中出错: Failed starting VM server. 'deno' is unavailable.

[INFO]--2026-01-16 16:01:43,559-Recoverspilt.py->checkCodeSpilting line:1465: [[16:01:43] ] 正在分析: Zym8ma.vendors.60f19fb1c6d2f9310fcc.js

[DEBUG]--2026-01-16 16:01:49,155-Recoverspilt.py->checkCodeSpilting line:1469: AST未找到模式，尝试Regex: Zym8ma.vendors.60f19fb1c6d2f9310fcc.js

[INFO]--2026-01-16 16:01:51,068-Recoverspilt.py->recoverStart line:1660: [+] 发现 25 个异步JS文件，开始下载...

[ERROR]--2026-01-16 16:01:51,710-DownloadJs.py->download_single_js line:505: [STATIC] [Err] 重试多次仍失败: RUS.js (资源不存在(404))

[DEBUG]--2026-01-16 16:01:51,710-DownloadJs.py->download_single_js line:507: [Debug] 失败请求URL: https://211.23.197.76:10001/js/RUS.js

[ERROR]--2026-01-16 16:01:51,735-DownloadJs.py->download_single_js line:505: [STATIC] [Err] 重试多次仍失败: ARA.js (资源不存在(404))

[DEBUG]--2026-01-16 16:01:51,735-DownloadJs.py->download_single_js line:507: [Debug] 失败请求URL: https://211.23.197.76:10001/js/ARA.js

[ERROR]--2026-01-16 16:01:51,736-DownloadJs.py->download_single_js line:505: [STATIC] [Err] 重试多次仍失败: FRA.js (资源不存在(404))

[DEBUG]--2026-01-16 16:01:51,737-DownloadJs.py->download_single_js line:507: [Debug] 失败请求URL: https://211.23.197.76:10001/js/FRA.js

[ERROR]--2026-01-16 16:01:51,738-DownloadJs.py->download_single_js line:505: [STATIC] [Err] 重试多次仍失败: KOR.js (资源不存在(404))

[DEBUG]--2026-01-16 16:01:51,738-DownloadJs.py->download_single_js line:507: [Debug] 失败请求URL: https://211.23.197.76:10001/js/KOR.js

[ERROR]--2026-01-16 16:01:51,739-DownloadJs.py->download_single_js line:505: [STATIC] [Err] 重试多次仍失败: c79_report.js (资源不存在(404))

[DEBUG]--2026-01-16 16:01:51,739-DownloadJs.py->download_single_js line:507: [Debug] 失败请求URL: https://211.23.197.76:10001/js/c79_report.js

[ERROR]--2026-01-16 16:01:51,741-DownloadJs.py->download_single_js line:505: [STATIC] [Err] 重试多次仍失败: VIE.js (资源不存在(404))

[DEBUG]--2026-01-16 16:01:51,741-DownloadJs.py->download_single_js line:507: [Debug] 失败请求URL: https://211.23.197.76:10001/js/VIE.js

[ERROR]--2026-01-16 16:01:51,743-DownloadJs.py->download_single_js line:505: [STATIC] [Err] 重试多次仍失败: localSetting.js (资源不存在(404))

[DEBUG]--2026-01-16 16:01:51,743-DownloadJs.py->download_single_js line:507: [Debug] 失败请求URL: https://211.23.197.76:10001/js/localSetting.js

[ERROR]--2026-01-16 16:01:51,751-DownloadJs.py->download_single_js line:505: [STATIC] [Err] 重试多次仍失败: playback.js (资源不存在(404))

[DEBUG]--2026-01-16 16:01:51,751-DownloadJs.py->download_single_js line:507: [Debug] 失败请求URL: https://211.23.197.76:10001/js/playback.js

[ERROR]--2026-01-16 16:01:51,752-DownloadJs.py->download_single_js line:505: [STATIC] [Err] 重试多次仍失败: PLK.js (资源不存在(404))

[DEBUG]--2026-01-16 16:01:51,753-DownloadJs.py->download_single_js line:507: [Debug] 失败请求URL: https://211.23.197.76:10001/js/PLK.js

[ERROR]--2026-01-16 16:01:51,771-DownloadJs.py->download_single_js line:505: [STATIC] [Err] 重试多次仍失败: JPN.js (资源不存在(404))

[DEBUG]--2026-01-16 16:01:51,771-DownloadJs.py->download_single_js line:507: [Debug] 失败请求URL: https://211.23.197.76:10001/js/JPN.js

[ERROR]--2026-01-16 16:01:51,793-DownloadJs.py->download_single_js line:505: [STATIC] [Err] 重试多次仍失败: UKA.js (资源不存在(404))

[DEBUG]--2026-01-16 16:01:51,793-DownloadJs.py->download_single_js line:507: [Debug] 失败请求URL: https://211.23.197.76:10001/js/UKA.js

[ERROR]--2026-01-16 16:01:51,794-DownloadJs.py->download_single_js line:505: [STATIC] [Err] 重试多次仍失败: DEU.js (资源不存在(404))

[DEBUG]--2026-01-16 16:01:51,794-DownloadJs.py->download_single_js line:507: [Debug] 失败请求URL: https://211.23.197.76:10001/js/DEU.js

[ERROR]--2026-01-16 16:01:51,801-DownloadJs.py->download_single_js line:505: [STATIC] [Err] 重试多次仍失败: ENU.js (资源不存在(404))

[DEBUG]--2026-01-16 16:01:51,802-DownloadJs.py->download_single_js line:507: [Debug] 失败请求URL: https://211.23.197.76:10001/js/ENU.js

[ERROR]--2026-01-16 16:01:51,802-DownloadJs.py->download_single_js line:505: [STATIC] [Err] 重试多次仍失败: ITA.js (资源不存在(404))

[DEBUG]--2026-01-16 16:01:51,802-DownloadJs.py->download_single_js line:507: [Debug] 失败请求URL: https://211.23.197.76:10001/js/ITA.js

[ERROR]--2026-01-16 16:01:51,808-DownloadJs.py->download_single_js line:505: [STATIC] [Err] 重试多次仍失败: modify_password.js (资源不存在(404))

[DEBUG]--2026-01-16 16:01:51,809-DownloadJs.py->download_single_js line:507: [Debug] 失败请求URL: https://211.23.197.76:10001/js/modify_password.js

[ERROR]--2026-01-16 16:01:51,839-DownloadJs.py->download_single_js line:505: [STATIC] [Err] 重试多次仍失败: live.js (资源不存在(404))

[DEBUG]--2026-01-16 16:01:51,839-DownloadJs.py->download_single_js line:507: [Debug] 失败请求URL: https://211.23.197.76:10001/js/live.js

[ERROR]--2026-01-16 16:01:51,845-DownloadJs.py->download_single_js line:505: [STATIC] [Err] 重试多次仍失败: ESN.js (资源不存在(404))

[DEBUG]--2026-01-16 16:01:51,846-DownloadJs.py->download_single_js line:507: [Debug] 失败请求URL: https://211.23.197.76:10001/js/ESN.js

[ERROR]--2026-01-16 16:01:51,928-DownloadJs.py->download_single_js line:505: [STATIC] [Err] 重试多次仍失败: PTG.js (资源不存在(404))

[DEBUG]--2026-01-16 16:01:51,928-DownloadJs.py->download_single_js line:507: [Debug] 失败请求URL: https://211.23.197.76:10001/js/PTG.js

[ERROR]--2026-01-16 16:01:51,930-DownloadJs.py->download_single_js line:505: [STATIC] [Err] 重试多次仍失败: CHT.js (资源不存在(404))

[DEBUG]--2026-01-16 16:01:51,930-DownloadJs.py->download_single_js line:507: [Debug] 失败请求URL: https://211.23.197.76:10001/js/CHT.js

[ERROR]--2026-01-16 16:01:51,931-DownloadJs.py->download_single_js line:505: [STATIC] [Err] 重试多次仍失败: login.js (资源不存在(404))

[DEBUG]--2026-01-16 16:01:51,931-DownloadJs.py->download_single_js line:507: [Debug] 失败请求URL: https://211.23.197.76:10001/js/login.js

[ERROR]--2026-01-16 16:01:51,937-DownloadJs.py->download_single_js line:505: [STATIC] [Err] 重试多次仍失败: remoteSetting.js (资源不存在(404))

[DEBUG]--2026-01-16 16:01:51,937-DownloadJs.py->download_single_js line:507: [Debug] 失败请求URL: https://211.23.197.76:10001/js/remoteSetting.js

[ERROR]--2026-01-16 16:01:51,948-DownloadJs.py->download_single_js line:505: [STATIC] [Err] 重试多次仍失败: HUN.js (资源不存在(404))

[DEBUG]--2026-01-16 16:01:51,948-DownloadJs.py->download_single_js line:507: [Debug] 失败请求URL: https://211.23.197.76:10001/js/HUN.js

[ERROR]--2026-01-16 16:01:51,956-DownloadJs.py->download_single_js line:505: [STATIC] [Err] 重试多次仍失败: main.js (资源不存在(404))

[DEBUG]--2026-01-16 16:01:51,956-DownloadJs.py->download_single_js line:507: [Debug] 失败请求URL: https://211.23.197.76:10001/js/main.js

[ERROR]--2026-01-16 16:01:51,960-DownloadJs.py->download_single_js line:505: [STATIC] [Err] 重试多次仍失败: TUR.js (资源不存在(404))

[DEBUG]--2026-01-16 16:01:51,960-DownloadJs.py->download_single_js line:507: [Debug] 失败请求URL: https://211.23.197.76:10001/js/TUR.js

[ERROR]--2026-01-16 16:01:52,243-DownloadJs.py->download_single_js line:505: [STATIC] [Err] 重试多次仍失败: CHS.js (资源不存在(404))

[DEBUG]--2026-01-16 16:01:52,243-DownloadJs.py->download_single_js line:507: [Debug] 失败请求URL: https://211.23.197.76:10001/js/CHS.js

[INFO]--2026-01-16 16:01:52,246-Controller.py->parseStart line:86: [+] 已启用JavaScript敏感信息扫描...

[INFO]--2026-01-16 16:01:52,255-JsFinderModule.py->start_scan line:592: 开始JavaScript敏感信息扫描...

[INFO]--2026-01-16 16:01:52,264-JsFinderModule.py->process_js_files line:282: 找到 6 个源文件（无SourceMap新增），开始扫描敏感信息...

[INFO]--2026-01-16 16:05:32,127-JsFinderModule.py->save_results line:573: HTML格式结果已保存到: tmp/OEhrvg_211.23.197.76_10001/finder_results/sensitive_info.html

[INFO]--2026-01-16 16:05:32,129-JsFinderModule.py->save_results line:574: 文本格式结果已保存到: tmp/OEhrvg_211.23.197.76_10001/finder_results/sensitive_info.txt

[INFO]--2026-01-16 16:05:32,129-JsFinderModule.py->save_results line:575: 路径信息已保存到: tmp/OEhrvg_211.23.197.76_10001/finder_results/paths.txt

[INFO]--2026-01-16 16:05:32,130-JsFinderModule.py->save_results line:583: 已将 12 个候选路径末段去重后追加到: /TIP/info_scan/Tools/webpackscan/Packer-InfoFinder/fuzz_last_segments.txt

[DEBUG]--2026-01-16 16:05:32,130-JsFinderModule.py->save_results line:588: 已跳过 API Inventory 导出（功能已取消）

[INFO]--2026-01-16 16:05:32,130-JsFinderModule.py->process_js_files line:304: 敏感信息扫描完成，共发现 63 个匹配项

[INFO]--2026-01-16 16:05:32,130-JsFinderModule.py->process_js_files line:307: - 敏感配置信息: 41 个匹配

[INFO]--2026-01-16 16:05:32,130-JsFinderModule.py->process_js_files line:307: - Password: 9 个匹配

[INFO]--2026-01-16 16:05:32,130-JsFinderModule.py->process_js_files line:307: - Username/Account: 13 个匹配

[INFO]--2026-01-16 16:05:32,130-JsFinderModule.py->start_scan line:603: JavaScript敏感信息扫描完成，结果保存在: tmp/OEhrvg_211.23.197.76_10001/finder_results

[INFO]--2026-01-16 16:05:32,130-Controller.py->parseStart line:93: [v] JavaScript敏感信息扫描完成

[INFO]--2026-01-16 16:05:32,132-Controller.py->parseStart line:100: [v] 感谢您的使用！

