[DEBUG]--2026-01-16 16:09:54,991-Database.py->createDatabase line:50: 主数据库创建成功（已启用WAL模式）

[DEBUG]--2026-01-16 16:09:55,028-Database.py->createProjectDatabase line:185: 项目数据库创建成功

[DEBUG]--2026-01-16 16:09:55,030-connectionpool.py->_new_conn line:1051: Starting new HTTPS connection (1): 211.23.197.76:10001

[DEBUG]--2026-01-16 16:09:55,399-connectionpool.py->_make_request line:546: https://211.23.197.76:10001 "GET / HTTP/11" 200 560

[INFO]--2026-01-16 16:09:55,481-ParseJs.py->_download_js_by_source line:406: [16:09:55]  [静态解析] 共发现 6 个JS文件

[INFO]--2026-01-16 16:09:56,062-DownloadJs.py->download_single_js line:475: [16:09:56] [STATIC] 下载成功: vue.60f19fb1c6d2f9310fcc.js

[INFO]--2026-01-16 16:09:56,117-DownloadJs.py->download_single_js line:475: [16:09:56] [STATIC] 下载成功: common.60f19fb1c6d2f9310fcc.js

[INFO]--2026-01-16 16:09:56,165-DownloadJs.py->download_single_js line:475: [16:09:56] [STATIC] 下载成功: index.60f19fb1c6d2f9310fcc.js

[INFO]--2026-01-16 16:09:56,174-DownloadJs.py->download_single_js line:475: [16:09:56] [STATIC] 下载成功: element.60f19fb1c6d2f9310fcc.js

[INFO]--2026-01-16 16:09:56,294-DownloadJs.py->download_single_js line:475: [16:09:56] [STATIC] 下载成功: vendors.60f19fb1c6d2f9310fcc.js

[INFO]--2026-01-16 16:09:57,098-DownloadJs.py->download_single_js line:475: [16:09:57] [STATIC] 下载成功: core.60f19fb1c6d2f9310fcc.js

[INFO]--2026-01-16 16:09:57,110-Controller.py->parseStart line:54: [+] 缓存文件路径：/TIP/info_scan/Tools/webpackscan/Packer-InfoFinder/tmp/qGnsJw_211.23.197.76_10001/qGnsJw.db

[INFO]--2026-01-16 16:09:57,110-Controller.py->parseStart line:55: [+] 日志文件路径：/TIP/info_scan/Tools/webpackscan/Packer-InfoFinder/logs/qGnsJw.log

[INFO]--2026-01-16 16:09:57,476-Controller.py->parseStart line:59: [v] 恭喜，这个站点很可能是通过前端打包器构建的！

[INFO]--2026-01-16 16:09:57,477-Recoverspilt.py->recoverStart line:1649: --- 开始混合模式分析 (AST为主, Regex为辅) ---

[INFO]--2026-01-16 16:10:13,943-Recoverspilt.py->checkCodeSpilting line:1465: [[16:10:13] ] 正在分析: WrCq7I.core.60f19fb1c6d2f9310fcc.js

[INFO]--2026-01-16 16:10:19,770-Recoverspilt.py->_traverse_ast line:1507: AST发现可能的异步加载函数: WrCq7I.core.60f19fb1c6d2f9310fcc.js

[INFO]--2026-01-16 16:10:19,772-Recoverspilt.py->compile_from_ast line:615:   → 提取到 65 个模块ID (AST)

[ERROR]--2026-01-16 16:10:19,773-Recoverspilt.py->compile_from_ast line:634: [Err] AST代码编译过程中出错: Failed starting VM server. 'deno' is unavailable.

[INFO]--2026-01-16 16:10:20,520-Recoverspilt.py->checkCodeSpilting line:1465: [[16:10:20] ] 正在分析: DmbgN8.common.60f19fb1c6d2f9310fcc.js

[DEBUG]--2026-01-16 16:10:22,145-Recoverspilt.py->checkCodeSpilting line:1469: AST未找到模式，尝试Regex: DmbgN8.common.60f19fb1c6d2f9310fcc.js

[INFO]--2026-01-16 16:11:06,495-Recoverspilt.py->checkCodeSpilting line:1465: [[16:11:06] ] 正在分析: 16AAz7.vendors.60f19fb1c6d2f9310fcc.js

[DEBUG]--2026-01-16 16:11:09,695-Recoverspilt.py->checkCodeSpilting line:1469: AST未找到模式，尝试Regex: 16AAz7.vendors.60f19fb1c6d2f9310fcc.js

[INFO]--2026-01-16 16:11:16,812-Recoverspilt.py->checkCodeSpilting line:1465: [[16:11:16] ] 正在分析: y7YOha.element.60f19fb1c6d2f9310fcc.js

[DEBUG]--2026-01-16 16:11:20,612-Recoverspilt.py->checkCodeSpilting line:1469: AST未找到模式，尝试Regex: y7YOha.element.60f19fb1c6d2f9310fcc.js

[INFO]--2026-01-16 16:11:21,553-Recoverspilt.py->checkCodeSpilting line:1465: [[16:11:21] ] 正在分析: 9oBjxy.index.60f19fb1c6d2f9310fcc.js

[DEBUG]--2026-01-16 16:11:21,971-Recoverspilt.py->checkCodeSpilting line:1469: AST未找到模式，尝试Regex: 9oBjxy.index.60f19fb1c6d2f9310fcc.js

[INFO]--2026-01-16 16:11:21,983-Recoverspilt.py->_analyze_with_regex line:1597: Regex发现可能的异步加载函数(function): 9oBjxy.index.60f19fb1c6d2f9310fcc.js

[INFO]--2026-01-16 16:11:21,983-Recoverspilt.py->compile_from_regex line:670:   → 提取到 25 个模块ID (Regex)

[DEBUG]--2026-01-16 16:11:21,984-Recoverspilt.py->compile_from_regex line:697: [Debug] Regex代码编译过程中出错: Failed starting VM server. 'deno' is unavailable.

[INFO]--2026-01-16 16:11:21,986-Recoverspilt.py->_log_filenames_success_once line:726:   ✓ 解析出 25 个异步JS (Template)

[INFO]--2026-01-16 16:11:21,995-Recoverspilt.py->getRealFilePath line:1384: 在 index.60f19fb1c6d2f9310fcc.js 中成功提取到 publicPath: './'，将优先基于该路径来合并资源 URL。

[INFO]--2026-01-16 16:11:23,048-Recoverspilt.py->checkCodeSpilting line:1465: [[16:11:23] ] 正在分析: L4rvNL.vue.60f19fb1c6d2f9310fcc.js

[DEBUG]--2026-01-16 16:11:24,509-Recoverspilt.py->checkCodeSpilting line:1469: AST未找到模式，尝试Regex: L4rvNL.vue.60f19fb1c6d2f9310fcc.js

[INFO]--2026-01-16 16:11:24,584-Recoverspilt.py->recoverStart line:1660: [+] 发现 25 个异步JS文件，开始下载...

[ERROR]--2026-01-16 16:11:25,145-DownloadJs.py->download_single_js line:505: [STATIC] [Err] 重试多次仍失败: remoteSetting.js (资源不存在(404))

[DEBUG]--2026-01-16 16:11:25,145-DownloadJs.py->download_single_js line:507: [Debug] 失败请求URL: https://211.23.197.76:10001/js/remoteSetting.js

[ERROR]--2026-01-16 16:11:25,161-DownloadJs.py->download_single_js line:505: [STATIC] [Err] 重试多次仍失败: PLK.js (资源不存在(404))

[DEBUG]--2026-01-16 16:11:25,161-DownloadJs.py->download_single_js line:507: [Debug] 失败请求URL: https://211.23.197.76:10001/js/PLK.js

[ERROR]--2026-01-16 16:11:25,169-DownloadJs.py->download_single_js line:505: [STATIC] [Err] 重试多次仍失败: FRA.js (资源不存在(404))

[DEBUG]--2026-01-16 16:11:25,169-DownloadJs.py->download_single_js line:507: [Debug] 失败请求URL: https://211.23.197.76:10001/js/FRA.js

[ERROR]--2026-01-16 16:11:25,204-DownloadJs.py->download_single_js line:505: [STATIC] [Err] 重试多次仍失败: CHS.js (资源不存在(404))

[DEBUG]--2026-01-16 16:11:25,204-DownloadJs.py->download_single_js line:507: [Debug] 失败请求URL: https://211.23.197.76:10001/js/CHS.js

[ERROR]--2026-01-16 16:11:25,211-DownloadJs.py->download_single_js line:505: [STATIC] [Err] 重试多次仍失败: modify_password.js (资源不存在(404))

[DEBUG]--2026-01-16 16:11:25,211-DownloadJs.py->download_single_js line:507: [Debug] 失败请求URL: https://211.23.197.76:10001/js/modify_password.js

[ERROR]--2026-01-16 16:11:25,215-DownloadJs.py->download_single_js line:505: [STATIC] [Err] 重试多次仍失败: login.js (资源不存在(404))

[DEBUG]--2026-01-16 16:11:25,215-DownloadJs.py->download_single_js line:507: [Debug] 失败请求URL: https://211.23.197.76:10001/js/login.js

[ERROR]--2026-01-16 16:11:25,218-DownloadJs.py->download_single_js line:505: [STATIC] [Err] 重试多次仍失败: main.js (资源不存在(404))

[DEBUG]--2026-01-16 16:11:25,218-DownloadJs.py->download_single_js line:507: [Debug] 失败请求URL: https://211.23.197.76:10001/js/main.js

[ERROR]--2026-01-16 16:11:25,220-DownloadJs.py->download_single_js line:505: [STATIC] [Err] 重试多次仍失败: JPN.js (资源不存在(404))

[DEBUG]--2026-01-16 16:11:25,220-DownloadJs.py->download_single_js line:507: [Debug] 失败请求URL: https://211.23.197.76:10001/js/JPN.js

[ERROR]--2026-01-16 16:11:25,230-DownloadJs.py->download_single_js line:505: [STATIC] [Err] 重试多次仍失败: c79_report.js (资源不存在(404))

[DEBUG]--2026-01-16 16:11:25,230-DownloadJs.py->download_single_js line:507: [Debug] 失败请求URL: https://211.23.197.76:10001/js/c79_report.js

[ERROR]--2026-01-16 16:11:25,242-DownloadJs.py->download_single_js line:505: [STATIC] [Err] 重试多次仍失败: PTG.js (资源不存在(404))

[DEBUG]--2026-01-16 16:11:25,243-DownloadJs.py->download_single_js line:507: [Debug] 失败请求URL: https://211.23.197.76:10001/js/PTG.js

[ERROR]--2026-01-16 16:11:25,249-DownloadJs.py->download_single_js line:505: [STATIC] [Err] 重试多次仍失败: ITA.js (资源不存在(404))

[DEBUG]--2026-01-16 16:11:25,250-DownloadJs.py->download_single_js line:507: [Debug] 失败请求URL: https://211.23.197.76:10001/js/ITA.js

[ERROR]--2026-01-16 16:11:25,257-DownloadJs.py->download_single_js line:505: [STATIC] [Err] 重试多次仍失败: ARA.js (资源不存在(404))

[DEBUG]--2026-01-16 16:11:25,257-DownloadJs.py->download_single_js line:507: [Debug] 失败请求URL: https://211.23.197.76:10001/js/ARA.js

[ERROR]--2026-01-16 16:11:25,271-DownloadJs.py->download_single_js line:505: [STATIC] [Err] 重试多次仍失败: HUN.js (资源不存在(404))

[DEBUG]--2026-01-16 16:11:25,272-DownloadJs.py->download_single_js line:507: [Debug] 失败请求URL: https://211.23.197.76:10001/js/HUN.js

[ERROR]--2026-01-16 16:11:25,279-DownloadJs.py->download_single_js line:505: [STATIC] [Err] 重试多次仍失败: ENU.js (资源不存在(404))

[DEBUG]--2026-01-16 16:11:25,279-DownloadJs.py->download_single_js line:507: [Debug] 失败请求URL: https://211.23.197.76:10001/js/ENU.js

[ERROR]--2026-01-16 16:11:25,284-DownloadJs.py->download_single_js line:505: [STATIC] [Err] 重试多次仍失败: playback.js (资源不存在(404))

[DEBUG]--2026-01-16 16:11:25,284-DownloadJs.py->download_single_js line:507: [Debug] 失败请求URL: https://211.23.197.76:10001/js/playback.js

[ERROR]--2026-01-16 16:11:25,289-DownloadJs.py->download_single_js line:505: [STATIC] [Err] 重试多次仍失败: RUS.js (资源不存在(404))

[DEBUG]--2026-01-16 16:11:25,290-DownloadJs.py->download_single_js line:507: [Debug] 失败请求URL: https://211.23.197.76:10001/js/RUS.js

[ERROR]--2026-01-16 16:11:25,323-DownloadJs.py->download_single_js line:505: [STATIC] [Err] 重试多次仍失败: ESN.js (资源不存在(404))

[DEBUG]--2026-01-16 16:11:25,323-DownloadJs.py->download_single_js line:507: [Debug] 失败请求URL: https://211.23.197.76:10001/js/ESN.js

[ERROR]--2026-01-16 16:11:25,416-DownloadJs.py->download_single_js line:505: [STATIC] [Err] 重试多次仍失败: DEU.js (资源不存在(404))

[ERROR]--2026-01-16 16:11:25,417-DownloadJs.py->download_single_js line:505: [STATIC] [Err] 重试多次仍失败: KOR.js (资源不存在(404))

[DEBUG]--2026-01-16 16:11:25,417-DownloadJs.py->download_single_js line:507: [Debug] 失败请求URL: https://211.23.197.76:10001/js/DEU.js

[DEBUG]--2026-01-16 16:11:25,418-DownloadJs.py->download_single_js line:507: [Debug] 失败请求URL: https://211.23.197.76:10001/js/KOR.js

[ERROR]--2026-01-16 16:11:25,433-DownloadJs.py->download_single_js line:505: [STATIC] [Err] 重试多次仍失败: TUR.js (资源不存在(404))

[DEBUG]--2026-01-16 16:11:25,433-DownloadJs.py->download_single_js line:507: [Debug] 失败请求URL: https://211.23.197.76:10001/js/TUR.js

[ERROR]--2026-01-16 16:11:25,448-DownloadJs.py->download_single_js line:505: [STATIC] [Err] 重试多次仍失败: VIE.js (资源不存在(404))

[DEBUG]--2026-01-16 16:11:25,448-DownloadJs.py->download_single_js line:507: [Debug] 失败请求URL: https://211.23.197.76:10001/js/VIE.js

[ERROR]--2026-01-16 16:11:25,565-DownloadJs.py->download_single_js line:505: [STATIC] [Err] 重试多次仍失败: CHT.js (资源不存在(404))

[DEBUG]--2026-01-16 16:11:25,566-DownloadJs.py->download_single_js line:507: [Debug] 失败请求URL: https://211.23.197.76:10001/js/CHT.js

[ERROR]--2026-01-16 16:11:25,778-DownloadJs.py->download_single_js line:505: [STATIC] [Err] 重试多次仍失败: live.js (资源不存在(404))

[DEBUG]--2026-01-16 16:11:25,778-DownloadJs.py->download_single_js line:507: [Debug] 失败请求URL: https://211.23.197.76:10001/js/live.js

[ERROR]--2026-01-16 16:11:25,789-DownloadJs.py->download_single_js line:505: [STATIC] [Err] 重试多次仍失败: UKA.js (资源不存在(404))

[DEBUG]--2026-01-16 16:11:25,790-DownloadJs.py->download_single_js line:507: [Debug] 失败请求URL: https://211.23.197.76:10001/js/UKA.js

[ERROR]--2026-01-16 16:11:25,957-DownloadJs.py->download_single_js line:505: [STATIC] [Err] 重试多次仍失败: localSetting.js (资源不存在(404))

[DEBUG]--2026-01-16 16:11:25,957-DownloadJs.py->download_single_js line:507: [Debug] 失败请求URL: https://211.23.197.76:10001/js/localSetting.js

[INFO]--2026-01-16 16:11:25,961-Controller.py->parseStart line:86: [+] 已启用JavaScript敏感信息扫描...

[INFO]--2026-01-16 16:11:25,970-JsFinderModule.py->start_scan line:592: 开始JavaScript敏感信息扫描...

[INFO]--2026-01-16 16:11:25,973-JsFinderModule.py->process_js_files line:282: 找到 6 个源文件（无SourceMap新增），开始扫描敏感信息...

[INFO]--2026-01-16 16:14:15,730-JsFinderModule.py->save_results line:573: HTML格式结果已保存到: tmp/qGnsJw_211.23.197.76_10001/finder_results/sensitive_info.html

[INFO]--2026-01-16 16:14:15,730-JsFinderModule.py->save_results line:574: 文本格式结果已保存到: tmp/qGnsJw_211.23.197.76_10001/finder_results/sensitive_info.txt

[INFO]--2026-01-16 16:14:15,730-JsFinderModule.py->save_results line:575: 路径信息已保存到: tmp/qGnsJw_211.23.197.76_10001/finder_results/paths.txt

[INFO]--2026-01-16 16:14:15,731-JsFinderModule.py->save_results line:583: 已将 12 个候选路径末段去重后追加到: /TIP/info_scan/Tools/webpackscan/Packer-InfoFinder/fuzz_last_segments.txt

[DEBUG]--2026-01-16 16:14:15,731-JsFinderModule.py->save_results line:588: 已跳过 API Inventory 导出（功能已取消）

[INFO]--2026-01-16 16:14:15,731-JsFinderModule.py->process_js_files line:304: 敏感信息扫描完成，共发现 63 个匹配项

[INFO]--2026-01-16 16:14:15,731-JsFinderModule.py->process_js_files line:307: - 敏感配置信息: 41 个匹配

[INFO]--2026-01-16 16:14:15,731-JsFinderModule.py->process_js_files line:307: - Password: 9 个匹配

[INFO]--2026-01-16 16:14:15,731-JsFinderModule.py->process_js_files line:307: - Username/Account: 13 个匹配

[INFO]--2026-01-16 16:14:15,732-JsFinderModule.py->start_scan line:603: JavaScript敏感信息扫描完成，结果保存在: tmp/qGnsJw_211.23.197.76_10001/finder_results

[INFO]--2026-01-16 16:14:15,732-Controller.py->parseStart line:93: [v] JavaScript敏感信息扫描完成

[INFO]--2026-01-16 16:14:15,733-Controller.py->parseStart line:100: [v] 感谢您的使用！

