[DEBUG]--2026-01-16 16:08:38,765-Database.py->createDatabase line:50: 主数据库创建成功（已启用WAL模式）

[DEBUG]--2026-01-16 16:08:38,792-Database.py->createProjectDatabase line:185: 项目数据库创建成功

[DEBUG]--2026-01-16 16:08:38,793-connectionpool.py->_new_conn line:1051: Starting new HTTPS connection (1): 211.23.197.76:10001

[DEBUG]--2026-01-16 16:08:39,224-connectionpool.py->_make_request line:546: https://211.23.197.76:10001 "GET / HTTP/11" 200 560

[INFO]--2026-01-16 16:08:39,290-ParseJs.py->_download_js_by_source line:406: [16:08:39]  [静态解析] 共发现 6 个JS文件

[INFO]--2026-01-16 16:08:39,899-DownloadJs.py->download_single_js line:475: [16:08:39] [STATIC] 下载成功: vue.60f19fb1c6d2f9310fcc.js

[INFO]--2026-01-16 16:08:39,979-DownloadJs.py->download_single_js line:475: [16:08:39] [STATIC] 下载成功: common.60f19fb1c6d2f9310fcc.js

[INFO]--2026-01-16 16:08:40,009-DownloadJs.py->download_single_js line:475: [16:08:40] [STATIC] 下载成功: element.60f19fb1c6d2f9310fcc.js

[INFO]--2026-01-16 16:08:40,217-DownloadJs.py->download_single_js line:475: [16:08:40] [STATIC] 下载成功: vendors.60f19fb1c6d2f9310fcc.js

[INFO]--2026-01-16 16:08:40,314-DownloadJs.py->download_single_js line:475: [16:08:40] [STATIC] 下载成功: core.60f19fb1c6d2f9310fcc.js

[INFO]--2026-01-16 16:08:40,816-DownloadJs.py->download_single_js line:475: [16:08:40] [STATIC] 下载成功: index.60f19fb1c6d2f9310fcc.js

[INFO]--2026-01-16 16:08:40,827-Controller.py->parseStart line:54: [+] 缓存文件路径：/TIP/info_scan/Tools/webpackscan/Packer-InfoFinder/tmp/RPTJBG_211.23.197.76_10001/RPTJBG.db

[INFO]--2026-01-16 16:08:40,827-Controller.py->parseStart line:55: [+] 日志文件路径：/TIP/info_scan/Tools/webpackscan/Packer-InfoFinder/logs/RPTJBG.log

[INFO]--2026-01-16 16:08:41,245-Controller.py->parseStart line:59: [v] 恭喜，这个站点很可能是通过前端打包器构建的！

[INFO]--2026-01-16 16:08:41,246-Recoverspilt.py->recoverStart line:1649: --- 开始混合模式分析 (AST为主, Regex为辅) ---

[INFO]--2026-01-16 16:08:56,384-Recoverspilt.py->checkCodeSpilting line:1465: [[16:08:56] ] 正在分析: 1nAsT7.core.60f19fb1c6d2f9310fcc.js

[INFO]--2026-01-16 16:09:01,509-Recoverspilt.py->_traverse_ast line:1507: AST发现可能的异步加载函数: 1nAsT7.core.60f19fb1c6d2f9310fcc.js

[INFO]--2026-01-16 16:09:01,511-Recoverspilt.py->compile_from_ast line:615:   → 提取到 65 个模块ID (AST)

[ERROR]--2026-01-16 16:09:01,512-Recoverspilt.py->compile_from_ast line:634: [Err] AST代码编译过程中出错: Failed starting VM server. 'deno' is unavailable.

[INFO]--2026-01-16 16:09:42,978-Recoverspilt.py->checkCodeSpilting line:1465: [[16:09:42] ] 正在分析: 80DJrW.vendors.60f19fb1c6d2f9310fcc.js

[DEBUG]--2026-01-16 16:09:46,328-Recoverspilt.py->checkCodeSpilting line:1469: AST未找到模式，尝试Regex: 80DJrW.vendors.60f19fb1c6d2f9310fcc.js

[INFO]--2026-01-16 16:09:48,064-Recoverspilt.py->checkCodeSpilting line:1465: [[16:09:48] ] 正在分析: jtCccs.index.60f19fb1c6d2f9310fcc.js

[DEBUG]--2026-01-16 16:09:48,469-Recoverspilt.py->checkCodeSpilting line:1469: AST未找到模式，尝试Regex: jtCccs.index.60f19fb1c6d2f9310fcc.js

[INFO]--2026-01-16 16:09:48,488-Recoverspilt.py->_analyze_with_regex line:1597: Regex发现可能的异步加载函数(function): jtCccs.index.60f19fb1c6d2f9310fcc.js

[INFO]--2026-01-16 16:09:48,491-Recoverspilt.py->compile_from_regex line:670:   → 提取到 25 个模块ID (Regex)

[DEBUG]--2026-01-16 16:09:48,492-Recoverspilt.py->compile_from_regex line:697: [Debug] Regex代码编译过程中出错: Failed starting VM server. 'deno' is unavailable.

[INFO]--2026-01-16 16:09:48,494-Recoverspilt.py->_log_filenames_success_once line:726:   ✓ 解析出 25 个异步JS (Template)

[INFO]--2026-01-16 16:09:48,506-Recoverspilt.py->getRealFilePath line:1384: 在 index.60f19fb1c6d2f9310fcc.js 中成功提取到 publicPath: './'，将优先基于该路径来合并资源 URL。

[INFO]--2026-01-16 16:09:49,323-Recoverspilt.py->checkCodeSpilting line:1465: [[16:09:49] ] 正在分析: jogm5t.vue.60f19fb1c6d2f9310fcc.js

[DEBUG]--2026-01-16 16:09:50,550-Recoverspilt.py->checkCodeSpilting line:1469: AST未找到模式，尝试Regex: jogm5t.vue.60f19fb1c6d2f9310fcc.js

[INFO]--2026-01-16 16:09:56,954-Recoverspilt.py->checkCodeSpilting line:1465: [[16:09:56] ] 正在分析: ShlM1P.element.60f19fb1c6d2f9310fcc.js

[DEBUG]--2026-01-16 16:10:00,714-Recoverspilt.py->checkCodeSpilting line:1469: AST未找到模式，尝试Regex: ShlM1P.element.60f19fb1c6d2f9310fcc.js

[INFO]--2026-01-16 16:10:01,634-Recoverspilt.py->checkCodeSpilting line:1465: [[16:10:01] ] 正在分析: 5znSH9.common.60f19fb1c6d2f9310fcc.js

[DEBUG]--2026-01-16 16:10:02,985-Recoverspilt.py->checkCodeSpilting line:1469: AST未找到模式，尝试Regex: 5znSH9.common.60f19fb1c6d2f9310fcc.js

[INFO]--2026-01-16 16:10:02,989-Recoverspilt.py->recoverStart line:1660: [+] 发现 25 个异步JS文件，开始下载...

[ERROR]--2026-01-16 16:10:03,534-DownloadJs.py->download_single_js line:505: [STATIC] [Err] 重试多次仍失败: c79_report.js (资源不存在(404))

[DEBUG]--2026-01-16 16:10:03,534-DownloadJs.py->download_single_js line:507: [Debug] 失败请求URL: https://211.23.197.76:10001/js/c79_report.js

[ERROR]--2026-01-16 16:10:03,588-DownloadJs.py->download_single_js line:505: [STATIC] [Err] 重试多次仍失败: live.js (资源不存在(404))

[DEBUG]--2026-01-16 16:10:03,588-DownloadJs.py->download_single_js line:507: [Debug] 失败请求URL: https://211.23.197.76:10001/js/live.js

[ERROR]--2026-01-16 16:10:03,617-DownloadJs.py->download_single_js line:505: [STATIC] [Err] 重试多次仍失败: playback.js (资源不存在(404))

[DEBUG]--2026-01-16 16:10:03,617-DownloadJs.py->download_single_js line:507: [Debug] 失败请求URL: https://211.23.197.76:10001/js/playback.js

[ERROR]--2026-01-16 16:10:03,618-DownloadJs.py->download_single_js line:505: [STATIC] [Err] 重试多次仍失败: ENU.js (资源不存在(404))

[DEBUG]--2026-01-16 16:10:03,618-DownloadJs.py->download_single_js line:507: [Debug] 失败请求URL: https://211.23.197.76:10001/js/ENU.js

[ERROR]--2026-01-16 16:10:03,624-DownloadJs.py->download_single_js line:505: [STATIC] [Err] 重试多次仍失败: localSetting.js (资源不存在(404))

[DEBUG]--2026-01-16 16:10:03,624-DownloadJs.py->download_single_js line:507: [Debug] 失败请求URL: https://211.23.197.76:10001/js/localSetting.js

[ERROR]--2026-01-16 16:10:03,625-DownloadJs.py->download_single_js line:505: [STATIC] [Err] 重试多次仍失败: PTG.js (资源不存在(404))

[DEBUG]--2026-01-16 16:10:03,625-DownloadJs.py->download_single_js line:507: [Debug] 失败请求URL: https://211.23.197.76:10001/js/PTG.js

[ERROR]--2026-01-16 16:10:03,632-DownloadJs.py->download_single_js line:505: [STATIC] [Err] 重试多次仍失败: CHT.js (资源不存在(404))

[DEBUG]--2026-01-16 16:10:03,632-DownloadJs.py->download_single_js line:507: [Debug] 失败请求URL: https://211.23.197.76:10001/js/CHT.js

[ERROR]--2026-01-16 16:10:03,658-DownloadJs.py->download_single_js line:505: [STATIC] [Err] 重试多次仍失败: HUN.js (资源不存在(404))

[DEBUG]--2026-01-16 16:10:03,658-DownloadJs.py->download_single_js line:507: [Debug] 失败请求URL: https://211.23.197.76:10001/js/HUN.js

[ERROR]--2026-01-16 16:10:03,667-DownloadJs.py->download_single_js line:505: [STATIC] [Err] 重试多次仍失败: RUS.js (资源不存在(404))

[DEBUG]--2026-01-16 16:10:03,667-DownloadJs.py->download_single_js line:507: [Debug] 失败请求URL: https://211.23.197.76:10001/js/RUS.js

[ERROR]--2026-01-16 16:10:03,679-DownloadJs.py->download_single_js line:505: [STATIC] [Err] 重试多次仍失败: ESN.js (资源不存在(404))

[DEBUG]--2026-01-16 16:10:03,680-DownloadJs.py->download_single_js line:507: [Debug] 失败请求URL: https://211.23.197.76:10001/js/ESN.js

[ERROR]--2026-01-16 16:10:03,682-DownloadJs.py->download_single_js line:505: [STATIC] [Err] 重试多次仍失败: KOR.js (资源不存在(404))

[DEBUG]--2026-01-16 16:10:03,682-DownloadJs.py->download_single_js line:507: [Debug] 失败请求URL: https://211.23.197.76:10001/js/KOR.js

[ERROR]--2026-01-16 16:10:03,713-DownloadJs.py->download_single_js line:505: [STATIC] [Err] 重试多次仍失败: VIE.js (资源不存在(404))

[DEBUG]--2026-01-16 16:10:03,714-DownloadJs.py->download_single_js line:507: [Debug] 失败请求URL: https://211.23.197.76:10001/js/VIE.js

[ERROR]--2026-01-16 16:10:03,720-DownloadJs.py->download_single_js line:505: [STATIC] [Err] 重试多次仍失败: TUR.js (资源不存在(404))

[DEBUG]--2026-01-16 16:10:03,720-DownloadJs.py->download_single_js line:507: [Debug] 失败请求URL: https://211.23.197.76:10001/js/TUR.js

[ERROR]--2026-01-16 16:10:03,732-DownloadJs.py->download_single_js line:505: [STATIC] [Err] 重试多次仍失败: ITA.js (资源不存在(404))

[DEBUG]--2026-01-16 16:10:03,732-DownloadJs.py->download_single_js line:507: [Debug] 失败请求URL: https://211.23.197.76:10001/js/ITA.js

[ERROR]--2026-01-16 16:10:03,734-DownloadJs.py->download_single_js line:505: [STATIC] [Err] 重试多次仍失败: CHS.js (资源不存在(404))

[DEBUG]--2026-01-16 16:10:03,734-DownloadJs.py->download_single_js line:507: [Debug] 失败请求URL: https://211.23.197.76:10001/js/CHS.js

[ERROR]--2026-01-16 16:10:03,761-DownloadJs.py->download_single_js line:505: [STATIC] [Err] 重试多次仍失败: FRA.js (资源不存在(404))

[DEBUG]--2026-01-16 16:10:03,761-DownloadJs.py->download_single_js line:507: [Debug] 失败请求URL: https://211.23.197.76:10001/js/FRA.js

[ERROR]--2026-01-16 16:10:03,793-DownloadJs.py->download_single_js line:505: [STATIC] [Err] 重试多次仍失败: login.js (资源不存在(404))

[DEBUG]--2026-01-16 16:10:03,793-DownloadJs.py->download_single_js line:507: [Debug] 失败请求URL: https://211.23.197.76:10001/js/login.js

[ERROR]--2026-01-16 16:10:03,797-DownloadJs.py->download_single_js line:505: [STATIC] [Err] 重试多次仍失败: ARA.js (资源不存在(404))

[DEBUG]--2026-01-16 16:10:03,797-DownloadJs.py->download_single_js line:507: [Debug] 失败请求URL: https://211.23.197.76:10001/js/ARA.js

[ERROR]--2026-01-16 16:10:03,798-DownloadJs.py->download_single_js line:505: [STATIC] [Err] 重试多次仍失败: remoteSetting.js (资源不存在(404))

[DEBUG]--2026-01-16 16:10:03,799-DownloadJs.py->download_single_js line:507: [Debug] 失败请求URL: https://211.23.197.76:10001/js/remoteSetting.js

[ERROR]--2026-01-16 16:10:03,819-DownloadJs.py->download_single_js line:505: [STATIC] [Err] 重试多次仍失败: PLK.js (资源不存在(404))

[DEBUG]--2026-01-16 16:10:03,820-DownloadJs.py->download_single_js line:507: [Debug] 失败请求URL: https://211.23.197.76:10001/js/PLK.js

[ERROR]--2026-01-16 16:10:03,895-DownloadJs.py->download_single_js line:505: [STATIC] [Err] 重试多次仍失败: main.js (资源不存在(404))

[DEBUG]--2026-01-16 16:10:03,896-DownloadJs.py->download_single_js line:507: [Debug] 失败请求URL: https://211.23.197.76:10001/js/main.js

[ERROR]--2026-01-16 16:10:03,991-DownloadJs.py->download_single_js line:505: [STATIC] [Err] 重试多次仍失败: DEU.js (资源不存在(404))

[DEBUG]--2026-01-16 16:10:03,991-DownloadJs.py->download_single_js line:507: [Debug] 失败请求URL: https://211.23.197.76:10001/js/DEU.js

[ERROR]--2026-01-16 16:10:04,071-DownloadJs.py->download_single_js line:505: [STATIC] [Err] 重试多次仍失败: JPN.js (资源不存在(404))

[DEBUG]--2026-01-16 16:10:04,071-DownloadJs.py->download_single_js line:507: [Debug] 失败请求URL: https://211.23.197.76:10001/js/JPN.js

[ERROR]--2026-01-16 16:10:04,381-DownloadJs.py->download_single_js line:505: [STATIC] [Err] 重试多次仍失败: UKA.js (资源不存在(404))

[DEBUG]--2026-01-16 16:10:04,382-DownloadJs.py->download_single_js line:507: [Debug] 失败请求URL: https://211.23.197.76:10001/js/UKA.js

[ERROR]--2026-01-16 16:10:04,403-DownloadJs.py->download_single_js line:505: [STATIC] [Err] 重试多次仍失败: modify_password.js (资源不存在(404))

[DEBUG]--2026-01-16 16:10:04,404-DownloadJs.py->download_single_js line:507: [Debug] 失败请求URL: https://211.23.197.76:10001/js/modify_password.js

[INFO]--2026-01-16 16:10:04,409-Controller.py->parseStart line:86: [+] 已启用JavaScript敏感信息扫描...

[INFO]--2026-01-16 16:10:04,424-JsFinderModule.py->start_scan line:592: 开始JavaScript敏感信息扫描...

[INFO]--2026-01-16 16:10:04,426-JsFinderModule.py->process_js_files line:282: 找到 6 个源文件（无SourceMap新增），开始扫描敏感信息...

[INFO]--2026-01-16 16:12:57,886-JsFinderModule.py->save_results line:573: HTML格式结果已保存到: tmp/RPTJBG_211.23.197.76_10001/finder_results/sensitive_info.html

[INFO]--2026-01-16 16:12:57,886-JsFinderModule.py->save_results line:574: 文本格式结果已保存到: tmp/RPTJBG_211.23.197.76_10001/finder_results/sensitive_info.txt

[INFO]--2026-01-16 16:12:57,886-JsFinderModule.py->save_results line:575: 路径信息已保存到: tmp/RPTJBG_211.23.197.76_10001/finder_results/paths.txt

[INFO]--2026-01-16 16:12:57,887-JsFinderModule.py->save_results line:583: 已将 12 个候选路径末段去重后追加到: /TIP/info_scan/Tools/webpackscan/Packer-InfoFinder/fuzz_last_segments.txt

[DEBUG]--2026-01-16 16:12:57,887-JsFinderModule.py->save_results line:588: 已跳过 API Inventory 导出（功能已取消）

[INFO]--2026-01-16 16:12:57,887-JsFinderModule.py->process_js_files line:304: 敏感信息扫描完成，共发现 63 个匹配项

[INFO]--2026-01-16 16:12:57,887-JsFinderModule.py->process_js_files line:307: - 敏感配置信息: 41 个匹配

[INFO]--2026-01-16 16:12:57,887-JsFinderModule.py->process_js_files line:307: - Password: 9 个匹配

[INFO]--2026-01-16 16:12:57,887-JsFinderModule.py->process_js_files line:307: - Username/Account: 13 个匹配

[INFO]--2026-01-16 16:12:57,888-JsFinderModule.py->start_scan line:603: JavaScript敏感信息扫描完成，结果保存在: tmp/RPTJBG_211.23.197.76_10001/finder_results

[INFO]--2026-01-16 16:12:57,888-Controller.py->parseStart line:93: [v] JavaScript敏感信息扫描完成

[INFO]--2026-01-16 16:12:57,888-Controller.py->parseStart line:100: [v] 感谢您的使用！

